Arguments: 
  C:\Program Files\nodejs\node.exe C:\Program Files (x86)\Yarn\bin\yarn.js init

PATH: 
  C:\Program Files\Git\mingw64\bin;C:\Program Files\Git\usr\bin;C:\Users\Zeeshan Ahmad\bin;C:\Python27;C:\Python27\Scripts;D:\WINDOWS.X64_193000_db_home\bin;C:\WINDOWS\system32;C:\WINDOWS;C:\WINDOWS\System32\Wbem;C:\WINDOWS\System32\WindowsPowerShell\v1.0;C:\WINDOWS\System32\OpenSSH;C:\Program Files\MongoDB\Server\4.2\bin;C:\Program Files\Git\cmd;C:\Users\Zeeshan Ahmad\AppData\Local\Programs\Python\Python38-32;D:\oracle;C:\Program Files\Java\jdk-13.0.2\bin;C:\Users\Zeeshan Ahmad\AppData\Local\Programs\Python\Python38-32\Scripts;C:\Program Files (x86)\PuTTY;C:\ProgramData\chocolatey\bin;C:\Program Files (x86)\Yarn\bin;C:\Program Files\nodejs;C:\Program Files\Docker\Docker\resources\bin;C:\ProgramData\DockerDesktop\version-bin;C:\Users\Zeeshan Ahmad\.windows-build-tools\python27;C:\Users\Zeeshan Ahmad\AppData\Local\Microsoft\WindowsApps;C:\Users\Zeeshan Ahmad\AppData\Local\Programs\Microsoft VS Code\bin;C:\Program Files\heroku\bin;C:\Users\Zeeshan Ahmad\AppData\Local\Yarn\bin;C:\Users\Zeeshan Ahmad\AppData\Local\Android\Sdk\platform-tools;C:\Users\Zeeshan Ahmad\AppData\Roaming\npm;C:\Users\Zeeshan Ahmad\bin;C:\Users\Zeeshan Ahmad\AppData\Local\Microsoft\WindowsApps;C:\Users\Zeeshan Ahmad\AppData\Local\GitHubDesktop\bin;C:\Users\Zeeshan Ahmad\.deno\bin

Yarn version: 
  1.22.4

Node version: 
  12.16.3

Platform: 
  win32 x64

Trace: 
  Error: canceled
      at Interface.<anonymous> (C:\Program Files (x86)\Yarn\lib\cli.js:137008:13)
      at Interface.emit (events.js:310:20)
      at Interface._ttyWrite (readline.js:893:16)
      at ReadStream.onkeypress (readline.js:198:10)
      at ReadStream.emit (events.js:310:20)
      at emitKeys (internal/readline/utils.js:438:14)
      at emitKeys.next (<anonymous>)
      at ReadStream.onData (readline.js:1160:36)
      at ReadStream.emit (events.js:310:20)
      at addChunk (_stream_readable.js:286:12)

npm manifest: 
  No manifest

yarn manifest: 
  No manifest

Lockfile: 
  No lockfile
